Using pre-set license
Built from '2020.2/release' branch; Version is '2020.2.4f1 (becced5a802b) revision 12504301'; Using compiler version '192528614'; Build Type 'Release'
OS: 'Windows 10 Pro; OS build 19041.1052; Version 2004; 64bit' Language: 'tr' Physical Memory: 16309 MB
BatchMode: 1, IsHumanControllingUs: 0, StartBugReporterOnCrash: 0, Is64bit: 1, IsPro: 0

 COMMAND LINE ARGUMENTS:
C:\Program Files\Unity\Hub\Editor\2020.2.4f1\Editor\Unity.exe
-adb2
-batchMode
-noUpm
-name
AssetImportWorker0
-projectPath
D:/Çalışma Alanı/Github/TowerDefense
-logFile
Logs/AssetImportWorker0.log
-srvPort
55277
Successfully changed project path to: D:/Çalışma Alanı/Github/TowerDefense
D:/Çalışma Alanı/Github/TowerDefense
Using Asset Import Pipeline V2.
Refreshing native plugins compatible for Editor in 22.74 ms, found 0 plugins.
Preloading 0 native plugins for Editor in 0.00 ms.
Initialize engine version: 2020.2.4f1 (becced5a802b)
[Subsystems] Discovering subsystems at path C:/Program Files/Unity/Hub/Editor/2020.2.4f1/Editor/Data/Resources/UnitySubsystems
[Subsystems] Discovering subsystems at path D:/Çalışma Alanı/Github/TowerDefense/Assets
GfxDevice: creating device client; threaded=0
Direct3D:
    Version:  Direct3D 11.0 [level 11.1]
    Renderer: AMD Radeon RX 5600 XT (ID=0x731f)
    Vendor:   
    VRAM:     5758 MB
    Driver:   27.20.14501.18003
Initialize mono
Mono path[0] = 'C:/Program Files/Unity/Hub/Editor/2020.2.4f1/Editor/Data/Managed'
Mono path[1] = 'C:/Program Files/Unity/Hub/Editor/2020.2.4f1/Editor/Data/MonoBleedingEdge/lib/mono/unityjit'
Mono config path = 'C:/Program Files/Unity/Hub/Editor/2020.2.4f1/Editor/Data/MonoBleedingEdge/etc'
Using monoOptions --debugger-agent=transport=dt_socket,embedding=1,server=y,suspend=n,address=127.0.0.1:56084
Begin MonoManager ReloadAssembly
Registering precompiled unity dll's ...
Register platform support module: C:/Program Files/Unity/Hub/Editor/2020.2.4f1/Editor/Data/PlaybackEngines/WindowsStandaloneSupport/UnityEditor.WindowsStandalone.Extensions.dll
Registered in 0.001893 seconds.
Native extension for WindowsStandalone target not found
Refreshing native plugins compatible for Editor in 23.15 ms, found 0 plugins.
Preloading 0 native plugins for Editor in 0.00 ms.
Invoked RoslynAnalysisRunner static constructor.
RoslynAnalysisRunner will not be running.
RoslynAnalysisRunner has terminated.
Mono: successfully reloaded assembly
- Completed reload, in  1.691 seconds
Platform modules already initialized, skipping
Registering precompiled user dll's ...
Registered in 0.000390 seconds.
Begin MonoManager ReloadAssembly
Native extension for WindowsStandalone target not found
Refreshing native plugins compatible for Editor in 0.29 ms, found 0 plugins.
Preloading 0 native plugins for Editor in 0.00 ms.
Invoked RoslynAnalysisRunner static constructor.
RoslynAnalysisRunner will not be running.
RoslynAnalysisRunner has terminated.
Mono: successfully reloaded assembly
- Completed reload, in  0.728 seconds
Platform modules already initialized, skipping
========================================================================
Worker process is ready to serve import requests
Launched and connected shader compiler UnityShaderCompiler.exe after 0.05 seconds
Refreshing native plugins compatible for Editor in 0.24 ms, found 0 plugins.
Preloading 0 native plugins for Editor in 0.00 ms.
Unloading 1117 Unused Serialized files (Serialized files now loaded: 0)
System memory in use before: 57.3 MB.
System memory in use after: 57.3 MB.

Unloading 10 unused Assets to reduce memory usage. Loaded Objects now: 1560.
Total: 2.057100 ms (FindLiveObjects: 0.297200 ms CreateObjectMapping: 0.039100 ms MarkObjects: 1.636700 ms  DeleteObjects: 0.082500 ms)

========================================================================
Received Import Request.
  path: Assets/Scripts/Enemy.cs
  artifactKey: Guid(e7eff5be007e9a74281c8bfbaebe4e28) Importer(815301076,1909f56bfc062723c751e8b465ee728b)
Start importing Assets/Scripts/Enemy.cs using Guid(e7eff5be007e9a74281c8bfbaebe4e28) Importer(815301076,1909f56bfc062723c751e8b465ee728b)  -> (artifact id: '27e6e8585268123aa31b05afc536a75a') in 0.027882 seconds
  Import took 0.029890 seconds .

========================================================================
Received Import Request.
  Time since last request: 15.528013 seconds.
  path: Assets/Scripts/Enemy.cs
  artifactKey: Guid(e7eff5be007e9a74281c8bfbaebe4e28) Importer(815301076,1909f56bfc062723c751e8b465ee728b)
Start importing Assets/Scripts/Enemy.cs using Guid(e7eff5be007e9a74281c8bfbaebe4e28) Importer(815301076,1909f56bfc062723c751e8b465ee728b)  -> (artifact id: '4b941cec184fe28bee3d159bcdbfc0f4') in 0.002198 seconds
  Import took 0.005613 seconds .

========================================================================
Received Prepare
Registering precompiled user dll's ...
Registered in 0.000510 seconds.
Begin MonoManager ReloadAssembly
Native extension for WindowsStandalone target not found
Refreshing native plugins compatible for Editor in 0.27 ms, found 0 plugins.
Preloading 0 native plugins for Editor in 0.00 ms.
Invoked RoslynAnalysisRunner static constructor.
RoslynAnalysisRunner will not be running.
RoslynAnalysisRunner has terminated.
Mono: successfully reloaded assembly
- Completed reload, in  0.674 seconds
Platform modules already initialized, skipping
Refreshing native plugins compatible for Editor in 0.26 ms, found 0 plugins.
Preloading 0 native plugins for Editor in 0.00 ms.
Unloading 1112 Unused Serialized files (Serialized files now loaded: 0)
System memory in use before: 57.2 MB.
System memory in use after: 57.3 MB.

Unloading 5 unused Assets to reduce memory usage. Loaded Objects now: 1562.
Total: 2.286200 ms (FindLiveObjects: 0.211900 ms CreateObjectMapping: 0.029200 ms MarkObjects: 1.989100 ms  DeleteObjects: 0.053000 ms)

========================================================================
Received Prepare
Registering precompiled user dll's ...
Registered in 0.000665 seconds.
Begin MonoManager ReloadAssembly
Native extension for WindowsStandalone target not found
Refreshing native plugins compatible for Editor in 0.28 ms, found 0 plugins.
Preloading 0 native plugins for Editor in 0.00 ms.
Invoked RoslynAnalysisRunner static constructor.
RoslynAnalysisRunner will not be running.
RoslynAnalysisRunner has terminated.
Mono: successfully reloaded assembly
- Completed reload, in  0.659 seconds
Platform modules already initialized, skipping
Refreshing native plugins compatible for Editor in 0.25 ms, found 0 plugins.
Preloading 0 native plugins for Editor in 0.00 ms.
Unloading 1112 Unused Serialized files (Serialized files now loaded: 0)
System memory in use before: 57.2 MB.
System memory in use after: 57.3 MB.

Unloading 5 unused Assets to reduce memory usage. Loaded Objects now: 1564.
Total: 1.928400 ms (FindLiveObjects: 0.169000 ms CreateObjectMapping: 0.038200 ms MarkObjects: 1.654400 ms  DeleteObjects: 0.065300 ms)

========================================================================
Received Prepare
Registering precompiled user dll's ...
Registered in 0.000684 seconds.
Begin MonoManager ReloadAssembly
Native extension for WindowsStandalone target not found
Refreshing native plugins compatible for Editor in 0.25 ms, found 0 plugins.
Preloading 0 native plugins for Editor in 0.00 ms.
Invoked RoslynAnalysisRunner static constructor.
RoslynAnalysisRunner will not be running.
RoslynAnalysisRunner has terminated.
Mono: successfully reloaded assembly
- Completed reload, in  0.658 seconds
Platform modules already initialized, skipping
Refreshing native plugins compatible for Editor in 0.24 ms, found 0 plugins.
Preloading 0 native plugins for Editor in 0.00 ms.
Unloading 1113 Unused Serialized files (Serialized files now loaded: 0)
System memory in use before: 57.3 MB.
System memory in use after: 57.3 MB.

Unloading 5 unused Assets to reduce memory usage. Loaded Objects now: 1567.
Total: 1.785100 ms (FindLiveObjects: 0.255700 ms CreateObjectMapping: 0.034800 ms MarkObjects: 1.443100 ms  DeleteObjects: 0.050100 ms)

========================================================================
Received Import Request.
  Time since last request: 359.774809 seconds.
  path: Assets/GameManager.cs
  artifactKey: Guid(ad2564d3aeb21e84d9d314880f9a6953) Importer(815301076,1909f56bfc062723c751e8b465ee728b)
Start importing Assets/GameManager.cs using Guid(ad2564d3aeb21e84d9d314880f9a6953) Importer(815301076,1909f56bfc062723c751e8b465ee728b)  -> (artifact id: '662dccea298fe89baf25469b4b4646f2') in 0.009504 seconds
  Import took 0.011536 seconds .

========================================================================
Received Prepare
Registering precompiled user dll's ...
Registered in 0.000464 seconds.
Begin MonoManager ReloadAssembly
Native extension for WindowsStandalone target not found
Refreshing native plugins compatible for Editor in 0.26 ms, found 0 plugins.
Preloading 0 native plugins for Editor in 0.00 ms.
Invoked RoslynAnalysisRunner static constructor.
RoslynAnalysisRunner will not be running.
RoslynAnalysisRunner has terminated.
Mono: successfully reloaded assembly
- Completed reload, in  0.653 seconds
Platform modules already initialized, skipping
Refreshing native plugins compatible for Editor in 0.25 ms, found 0 plugins.
Preloading 0 native plugins for Editor in 0.00 ms.
Unloading 1112 Unused Serialized files (Serialized files now loaded: 0)
System memory in use before: 57.3 MB.
System memory in use after: 57.3 MB.

Unloading 6 unused Assets to reduce memory usage. Loaded Objects now: 1568.
Total: 1.844900 ms (FindLiveObjects: 0.183600 ms CreateObjectMapping: 0.025800 ms MarkObjects: 1.574700 ms  DeleteObjects: 0.059500 ms)

========================================================================
Received Prepare
Registering precompiled user dll's ...
Registered in 0.000704 seconds.
Begin MonoManager ReloadAssembly
Native extension for WindowsStandalone target not found
Refreshing native plugins compatible for Editor in 0.32 ms, found 0 plugins.
Preloading 0 native plugins for Editor in 0.00 ms.
Invoked RoslynAnalysisRunner static constructor.
RoslynAnalysisRunner will not be running.
RoslynAnalysisRunner has terminated.
Mono: successfully reloaded assembly
- Completed reload, in  0.655 seconds
Platform modules already initialized, skipping
Refreshing native plugins compatible for Editor in 0.25 ms, found 0 plugins.
Preloading 0 native plugins for Editor in 0.00 ms.
Unloading 1113 Unused Serialized files (Serialized files now loaded: 0)
System memory in use before: 57.3 MB.
System memory in use after: 57.4 MB.

Unloading 5 unused Assets to reduce memory usage. Loaded Objects now: 1571.
Total: 1.946400 ms (FindLiveObjects: 0.301200 ms CreateObjectMapping: 0.035200 ms MarkObjects: 1.554200 ms  DeleteObjects: 0.054600 ms)

========================================================================
Received Prepare
Registering precompiled user dll's ...
Registered in 0.000408 seconds.
Begin MonoManager ReloadAssembly
Native extension for WindowsStandalone target not found
Refreshing native plugins compatible for Editor in 0.28 ms, found 0 plugins.
Preloading 0 native plugins for Editor in 0.00 ms.
Invoked RoslynAnalysisRunner static constructor.
RoslynAnalysisRunner will not be running.
RoslynAnalysisRunner has terminated.
Mono: successfully reloaded assembly
- Completed reload, in  0.643 seconds
Platform modules already initialized, skipping
Refreshing native plugins compatible for Editor in 0.37 ms, found 0 plugins.
Preloading 0 native plugins for Editor in 0.00 ms.
Unloading 1112 Unused Serialized files (Serialized files now loaded: 0)
System memory in use before: 57.3 MB.
System memory in use after: 57.3 MB.

Unloading 6 unused Assets to reduce memory usage. Loaded Objects now: 1572.
Total: 1.873700 ms (FindLiveObjects: 0.258100 ms CreateObjectMapping: 0.032000 ms MarkObjects: 1.510800 ms  DeleteObjects: 0.070900 ms)

========================================================================
Received Prepare
Registering precompiled user dll's ...
Registered in 0.000375 seconds.
Begin MonoManager ReloadAssembly
Native extension for WindowsStandalone target not found
Refreshing native plugins compatible for Editor in 0.24 ms, found 0 plugins.
Preloading 0 native plugins for Editor in 0.00 ms.
Invoked RoslynAnalysisRunner static constructor.
RoslynAnalysisRunner will not be running.
RoslynAnalysisRunner has terminated.
Mono: successfully reloaded assembly
- Completed reload, in  0.683 seconds
Platform modules already initialized, skipping
Refreshing native plugins compatible for Editor in 0.26 ms, found 0 plugins.
Preloading 0 native plugins for Editor in 0.00 ms.
Unloading 1113 Unused Serialized files (Serialized files now loaded: 0)
System memory in use before: 57.3 MB.
System memory in use after: 57.4 MB.

Unloading 5 unused Assets to reduce memory usage. Loaded Objects now: 1575.
Total: 1.849700 ms (FindLiveObjects: 0.236800 ms CreateObjectMapping: 0.028500 ms MarkObjects: 1.527300 ms  DeleteObjects: 0.055400 ms)

========================================================================
Received Import Request.
  Time since last request: 47.228262 seconds.
  path: Assets/GameManagement.cs
  artifactKey: Guid(b1af6447e5b75dc438af3c53fa1c5a38) Importer(815301076,1909f56bfc062723c751e8b465ee728b)
Start importing Assets/GameManagement.cs using Guid(b1af6447e5b75dc438af3c53fa1c5a38) Importer(815301076,1909f56bfc062723c751e8b465ee728b)  -> (artifact id: '4edda7f0b83a187ba2677cc3df634332') in 0.008175 seconds
  Import took 0.010217 seconds .

========================================================================
Received Prepare
Registering precompiled user dll's ...
Registered in 0.000576 seconds.
Begin MonoManager ReloadAssembly
Native extension for WindowsStandalone target not found
Refreshing native plugins compatible for Editor in 0.27 ms, found 0 plugins.
Preloading 0 native plugins for Editor in 0.00 ms.
Invoked RoslynAnalysisRunner static constructor.
RoslynAnalysisRunner will not be running.
RoslynAnalysisRunner has terminated.
Mono: successfully reloaded assembly
- Completed reload, in  0.689 seconds
Platform modules already initialized, skipping
Refreshing native plugins compatible for Editor in 0.26 ms, found 0 plugins.
Preloading 0 native plugins for Editor in 0.00 ms.
Unloading 1113 Unused Serialized files (Serialized files now loaded: 0)
System memory in use before: 57.3 MB.
System memory in use after: 57.4 MB.

Unloading 5 unused Assets to reduce memory usage. Loaded Objects now: 1577.
Total: 2.068900 ms (FindLiveObjects: 0.214800 ms CreateObjectMapping: 0.027400 ms MarkObjects: 1.772300 ms  DeleteObjects: 0.053300 ms)

========================================================================
Received Prepare
Registering precompiled user dll's ...
Registered in 0.000423 seconds.
Begin MonoManager ReloadAssembly
Native extension for WindowsStandalone target not found
Refreshing native plugins compatible for Editor in 0.27 ms, found 0 plugins.
Preloading 0 native plugins for Editor in 0.00 ms.
Invoked RoslynAnalysisRunner static constructor.
RoslynAnalysisRunner will not be running.
RoslynAnalysisRunner has terminated.
Mono: successfully reloaded assembly
- Completed reload, in  0.652 seconds
Platform modules already initialized, skipping
Refreshing native plugins compatible for Editor in 0.25 ms, found 0 plugins.
Preloading 0 native plugins for Editor in 0.00 ms.
Unloading 1113 Unused Serialized files (Serialized files now loaded: 0)
System memory in use before: 57.3 MB.
System memory in use after: 57.4 MB.

Unloading 5 unused Assets to reduce memory usage. Loaded Objects now: 1579.
Total: 1.780000 ms (FindLiveObjects: 0.233600 ms CreateObjectMapping: 0.032200 ms MarkObjects: 1.458700 ms  DeleteObjects: 0.053900 ms)

========================================================================
Received Import Request.
  Time since last request: 360.859873 seconds.
  path: Assets/Scripts/Turret.cs
  artifactKey: Guid(844cbf2b449b77f46afaa2bfe6ad38c5) Importer(815301076,1909f56bfc062723c751e8b465ee728b)
Start importing Assets/Scripts/Turret.cs using Guid(844cbf2b449b77f46afaa2bfe6ad38c5) Importer(815301076,1909f56bfc062723c751e8b465ee728b)  -> (artifact id: '59788fabd4ea1a2d0afc1a524fd6291c') in 0.007184 seconds
  Import took 0.009123 seconds .

========================================================================
Received Import Request.
  Time since last request: 0.017806 seconds.
  path: Assets/Scripts/Turret.cs
  artifactKey: Guid(844cbf2b449b77f46afaa2bfe6ad38c5) Importer(815301076,1909f56bfc062723c751e8b465ee728b)
Start importing Assets/Scripts/Turret.cs using Guid(844cbf2b449b77f46afaa2bfe6ad38c5) Importer(815301076,1909f56bfc062723c751e8b465ee728b)  -> (artifact id: '59788fabd4ea1a2d0afc1a524fd6291c') in 0.002079 seconds
  Import took 0.004287 seconds .

========================================================================
Received Import Request.
  Time since last request: 1.985597 seconds.
  path: Assets/Scripts/Bullet.cs
  artifactKey: Guid(b8deff716cbe7a842954431ce83dee90) Importer(815301076,1909f56bfc062723c751e8b465ee728b)
Start importing Assets/Scripts/Bullet.cs using Guid(b8deff716cbe7a842954431ce83dee90) Importer(815301076,1909f56bfc062723c751e8b465ee728b)  -> (artifact id: 'ed97034a4c8bdf91012769a768cd596b') in 0.006092 seconds
  Import took 0.008523 seconds .

========================================================================
Received Import Request.
  Time since last request: 0.000638 seconds.
  path: Assets/Scripts/Bullet.cs
  artifactKey: Guid(b8deff716cbe7a842954431ce83dee90) Importer(815301076,1909f56bfc062723c751e8b465ee728b)
Start importing Assets/Scripts/Bullet.cs using Guid(b8deff716cbe7a842954431ce83dee90) Importer(815301076,1909f56bfc062723c751e8b465ee728b)  -> (artifact id: 'ed97034a4c8bdf91012769a768cd596b') in 0.001470 seconds
  Import took 0.003406 seconds .

========================================================================
Received Prepare
Registering precompiled user dll's ...
Registered in 0.000466 seconds.
Begin MonoManager ReloadAssembly
Native extension for WindowsStandalone target not found
Refreshing native plugins compatible for Editor in 0.31 ms, found 0 plugins.
Preloading 0 native plugins for Editor in 0.00 ms.
Invoked RoslynAnalysisRunner static constructor.
RoslynAnalysisRunner will not be running.
RoslynAnalysisRunner has terminated.
Mono: successfully reloaded assembly
- Completed reload, in  0.655 seconds
Platform modules already initialized, skipping
Refreshing native plugins compatible for Editor in 0.25 ms, found 0 plugins.
Preloading 0 native plugins for Editor in 0.00 ms.
Unloading 1113 Unused Serialized files (Serialized files now loaded: 0)
System memory in use before: 57.3 MB.
System memory in use after: 57.4 MB.

Unloading 5 unused Assets to reduce memory usage. Loaded Objects now: 1581.
Total: 2.172900 ms (FindLiveObjects: 0.393100 ms CreateObjectMapping: 0.040000 ms MarkObjects: 1.669400 ms  DeleteObjects: 0.069000 ms)

========================================================================
Received Import Request.
  Time since last request: 129.062232 seconds.
  path: Assets/Scripts/Bullet.cs
  artifactKey: Guid(b8deff716cbe7a842954431ce83dee90) Importer(815301076,1909f56bfc062723c751e8b465ee728b)
Start importing Assets/Scripts/Bullet.cs using Guid(b8deff716cbe7a842954431ce83dee90) Importer(815301076,1909f56bfc062723c751e8b465ee728b)  -> (artifact id: '92649fb849fa0eb3882a7f5a5d4b426b') in 0.003654 seconds
  Import took 0.005856 seconds .

========================================================================
Received Import Request.
  Time since last request: 1.613077 seconds.
  path: Assets/Scripts/Bullet.cs
  artifactKey: Guid(b8deff716cbe7a842954431ce83dee90) Importer(815301076,1909f56bfc062723c751e8b465ee728b)
Start importing Assets/Scripts/Bullet.cs using Guid(b8deff716cbe7a842954431ce83dee90) Importer(815301076,1909f56bfc062723c751e8b465ee728b)  -> (artifact id: '92649fb849fa0eb3882a7f5a5d4b426b') in 0.001917 seconds
  Import took 0.003879 seconds .

========================================================================
Received Prepare
Registering precompiled user dll's ...
Registered in 0.000387 seconds.
Begin MonoManager ReloadAssembly
Native extension for WindowsStandalone target not found
Refreshing native plugins compatible for Editor in 0.29 ms, found 0 plugins.
Preloading 0 native plugins for Editor in 0.00 ms.
Invoked RoslynAnalysisRunner static constructor.
RoslynAnalysisRunner will not be running.
RoslynAnalysisRunner has terminated.
Mono: successfully reloaded assembly
- Completed reload, in  0.646 seconds
Platform modules already initialized, skipping
Refreshing native plugins compatible for Editor in 0.42 ms, found 0 plugins.
Preloading 0 native plugins for Editor in 0.00 ms.
Unloading 1113 Unused Serialized files (Serialized files now loaded: 0)
System memory in use before: 57.3 MB.
System memory in use after: 57.4 MB.

Unloading 5 unused Assets to reduce memory usage. Loaded Objects now: 1583.
Total: 1.619600 ms (FindLiveObjects: 0.172600 ms CreateObjectMapping: 0.033700 ms MarkObjects: 1.357500 ms  DeleteObjects: 0.054500 ms)

========================================================================
Received Import Request.
  Time since last request: 195.712756 seconds.
  path: Assets/Prefabs/Bullet.prefab
  artifactKey: Guid(186aa69b83a01ba449940cbc23530910) Importer(815301076,1909f56bfc062723c751e8b465ee728b)
Start importing Assets/Prefabs/Bullet.prefab using Guid(186aa69b83a01ba449940cbc23530910) Importer(815301076,1909f56bfc062723c751e8b465ee728b)  -> (artifact id: '93b08eb769e036067592fb9724403cb9') in 0.081706 seconds
  Import took 0.084153 seconds .

========================================================================
Received Import Request.
  Time since last request: 0.000189 seconds.
  path: Assets/Prefabs/Missile.prefab
  artifactKey: Guid(f23ed7d7813f6df4e87a027699ec81d8) Importer(815301076,1909f56bfc062723c751e8b465ee728b)
Start importing Assets/Prefabs/Missile.prefab using Guid(f23ed7d7813f6df4e87a027699ec81d8) Importer(815301076,1909f56bfc062723c751e8b465ee728b)  -> (artifact id: '0fc8cee342b7f2b2d7dad18377a1c60f') in 0.018453 seconds
  Import took 0.021120 seconds .

========================================================================
Received Import Request.
  Time since last request: 0.000209 seconds.
  path: Assets/Prefabs/Enemy.prefab
  artifactKey: Guid(92d6bf71905d14f4ba6b430c8234550f) Importer(815301076,1909f56bfc062723c751e8b465ee728b)
Start importing Assets/Prefabs/Enemy.prefab using Guid(92d6bf71905d14f4ba6b430c8234550f) Importer(815301076,1909f56bfc062723c751e8b465ee728b)  -> (artifact id: '23d54e453c15c197326fb273e6367038') in 0.012258 seconds
  Import took 0.014364 seconds .

========================================================================
Received Import Request.
  Time since last request: 72.801460 seconds.
  path: Assets/Materials/BuildEffect.mat
  artifactKey: Guid(d98a193ba5a8daf47b68dbea0cc10ad7) Importer(815301076,1909f56bfc062723c751e8b465ee728b)
Start importing Assets/Materials/BuildEffect.mat using Guid(d98a193ba5a8daf47b68dbea0cc10ad7) Importer(815301076,1909f56bfc062723c751e8b465ee728b)  -> (artifact id: '625bff5f1e54720c96ce34da7a9b09bd') in 0.028745 seconds
  Import took 0.031775 seconds .

========================================================================
Received Import Request.
  Time since last request: 184.573618 seconds.
  path: Assets/Prefabs/EnemyDeathEffect.prefab
  artifactKey: Guid(e0eb05d4e6bc9ed4e9a1b087cb804f35) Importer(815301076,1909f56bfc062723c751e8b465ee728b)
Start importing Assets/Prefabs/EnemyDeathEffect.prefab using Guid(e0eb05d4e6bc9ed4e9a1b087cb804f35) Importer(815301076,1909f56bfc062723c751e8b465ee728b)  -> (artifact id: '0c11cbfa1ba464a2ca1d594eddbf01d0') in 0.008937 seconds
  Import took 0.011326 seconds .

========================================================================
Received Import Request.
  Time since last request: 0.001982 seconds.
  path: Assets/Prefabs/EnemyDeathEffect.prefab
  artifactKey: Guid(e0eb05d4e6bc9ed4e9a1b087cb804f35) Importer(815301076,1909f56bfc062723c751e8b465ee728b)
Start importing Assets/Prefabs/EnemyDeathEffect.prefab using Guid(e0eb05d4e6bc9ed4e9a1b087cb804f35) Importer(815301076,1909f56bfc062723c751e8b465ee728b)  -> (artifact id: '0c11cbfa1ba464a2ca1d594eddbf01d0') in 0.004431 seconds
  Import took 0.006729 seconds .

========================================================================
Received Prepare
Registering precompiled user dll's ...
Registered in 0.000468 seconds.
Begin MonoManager ReloadAssembly
Native extension for WindowsStandalone target not found
Refreshing native plugins compatible for Editor in 0.26 ms, found 0 plugins.
Preloading 0 native plugins for Editor in 0.00 ms.
Invoked RoslynAnalysisRunner static constructor.
RoslynAnalysisRunner will not be running.
RoslynAnalysisRunner has terminated.
Mono: successfully reloaded assembly
- Completed reload, in  0.679 seconds
Platform modules already initialized, skipping
Refreshing native plugins compatible for Editor in 0.29 ms, found 0 plugins.
Preloading 0 native plugins for Editor in 0.00 ms.
Unloading 1113 Unused Serialized files (Serialized files now loaded: 0)
System memory in use before: 60.7 MB.
System memory in use after: 60.8 MB.

Unloading 5 unused Assets to reduce memory usage. Loaded Objects now: 1627.
Total: 2.089500 ms (FindLiveObjects: 0.280300 ms CreateObjectMapping: 0.039300 ms MarkObjects: 1.714600 ms  DeleteObjects: 0.053900 ms)

========================================================================
Received Import Request.
  Time since last request: 116.255067 seconds.
  path: Assets/Prefabs/Enemy.prefab
  artifactKey: Guid(92d6bf71905d14f4ba6b430c8234550f) Importer(815301076,1909f56bfc062723c751e8b465ee728b)
Start importing Assets/Prefabs/Enemy.prefab using Guid(92d6bf71905d14f4ba6b430c8234550f) Importer(815301076,1909f56bfc062723c751e8b465ee728b)  -> (artifact id: '45b2c09ca7ac78bc6d244167389b20af') in 0.050837 seconds
  Import took 0.053683 seconds .

========================================================================
Received Import Request.
  Time since last request: 13.147708 seconds.
  path: Assets/Prefabs/Enemy.prefab
  artifactKey: Guid(92d6bf71905d14f4ba6b430c8234550f) Importer(815301076,1909f56bfc062723c751e8b465ee728b)
Start importing Assets/Prefabs/Enemy.prefab using Guid(92d6bf71905d14f4ba6b430c8234550f) Importer(815301076,1909f56bfc062723c751e8b465ee728b)  -> (artifact id: 'b393903c132fec10d736f4d318da26b5') in 0.010644 seconds
  Import took 0.013983 seconds .

========================================================================
Received Prepare
Registering precompiled user dll's ...
Registered in 0.000413 seconds.
Begin MonoManager ReloadAssembly
Native extension for WindowsStandalone target not found
Refreshing native plugins compatible for Editor in 0.46 ms, found 0 plugins.
Preloading 0 native plugins for Editor in 0.00 ms.
Invoked RoslynAnalysisRunner static constructor.
RoslynAnalysisRunner will not be running.
RoslynAnalysisRunner has terminated.
Mono: successfully reloaded assembly
- Completed reload, in  0.643 seconds
Platform modules already initialized, skipping
Refreshing native plugins compatible for Editor in 0.26 ms, found 0 plugins.
Preloading 0 native plugins for Editor in 0.00 ms.
Unloading 1113 Unused Serialized files (Serialized files now loaded: 0)
System memory in use before: 60.7 MB.
System memory in use after: 60.8 MB.

Unloading 5 unused Assets to reduce memory usage. Loaded Objects now: 1630.
Total: 2.088500 ms (FindLiveObjects: 0.246100 ms CreateObjectMapping: 0.037500 ms MarkObjects: 1.737600 ms  DeleteObjects: 0.066400 ms)

AssetImportWorkerClient::OnTransportError - code=2 error=End of file
